# JRE version: OpenJDK Runtime Environment (11.0.10) (build 11.0.10+0-b96-7249189)
# Java VM: OpenJDK 64-Bit Server VM (11.0.10+0-b96-7249189, mixed mode, tiered, compressed oops, g1 gc, windows-amd64)
Heap:
 garbage-first heap   total 204800K, used 202619K [0x0000000080000000, 0x0000000100000000)
  region size 1024K, 10 young (10240K), 2 survivors (2048K)
 Metaspace       used 104822K, capacity 107338K, committed 108108K, reserved 1142784K
  class space    used 13458K, capacity 14383K, committed 14668K, reserved 1048576K
GC Heap History (20 events):
Event: 57.981 GC heap before
{Heap before GC invocations=28 (full 0):
 garbage-first heap   total 187392K, used 145874K [0x0000000080000000, 0x0000000100000000)
  region size 1024K, 40 young (40960K), 9 survivors (9216K)
 Metaspace       used 103898K, capacity 106622K, committed 106700K, reserved 1140736K
  class space    used 13456K, capacity 14476K, committed 14540K, reserved 1048576K
}
Event: 58.011 GC heap after
{Heap after GC invocations=29 (full 0):
 garbage-first heap   total 187392K, used 138931K [0x0000000080000000, 0x0000000100000000)
  region size 1024K, 5 young (5120K), 5 survivors (5120K)
 Metaspace       used 103898K, capacity 106622K, committed 106700K, reserved 1140736K
  class space    used 13456K, capacity 14476K, committed 14540K, reserved 1048576K
}
Event: 58.638 GC heap before
{Heap before GC invocations=30 (full 0):
 garbage-first heap   total 187392K, used 150195K [0x0000000080000000, 0x0000000100000000)
  region size 1024K, 16 young (16384K), 5 survivors (5120K)
 Metaspace       used 104312K, capacity 106852K, committed 107596K, reserved 1142784K
  class space    used 13422K, capacity 14371K, committed 14668K, reserved 1048576K
}
Event: 58.654 GC heap after
{Heap after GC invocations=31 (full 0):
 garbage-first heap   total 187392K, used 145408K [0x0000000080000000, 0x0000000100000000)
  region size 1024K, 2 young (2048K), 2 survivors (2048K)
 Metaspace       used 104312K, capacity 106852K, committed 107596K, reserved 1142784K
  class space    used 13422K, capacity 14371K, committed 14668K, reserved 1048576K
}
Event: 59.198 GC heap before
{Heap before GC invocations=31 (full 0):
 garbage-first heap   total 187392K, used 154624K [0x0000000080000000, 0x0000000100000000)
  region size 1024K, 11 young (11264K), 2 survivors (2048K)
 Metaspace       used 104788K, capacity 107338K, committed 108108K, reserved 1142784K
  class space    used 13458K, capacity 14383K, committed 14668K, reserved 1048576K
}
Event: 59.206 GC heap after
{Heap after GC invocations=32 (full 0):
 garbage-first heap   total 187392K, used 151552K [0x0000000080000000, 0x0000000100000000)
  region size 1024K, 2 young (2048K), 2 survivors (2048K)
 Metaspace       used 104788K, capacity 107338K, committed 108108K, reserved 1142784K
  class space    used 13458K, capacity 14383K, committed 14668K, reserved 1048576K
}
Event: 59.498 GC heap before
{Heap before GC invocations=32 (full 0):
 garbage-first heap   total 187392K, used 158720K [0x0000000080000000, 0x0000000100000000)
  region size 1024K, 9 young (9216K), 2 survivors (2048K)
 Metaspace       used 104788K, capacity 107338K, committed 108108K, reserved 1142784K
  class space    used 13458K, capacity 14383K, committed 14668K, reserved 1048576K
}
Event: 59.504 GC heap after
{Heap after GC invocations=33 (full 0):
 garbage-first heap   total 187392K, used 159052K [0x0000000080000000, 0x0000000100000000)
  region size 1024K, 2 young (2048K), 2 survivors (2048K)
 Metaspace       used 104788K, capacity 107338K, committed 108108K, reserved 1142784K
  class space    used 13458K, capacity 14383K, committed 14668K, reserved 1048576K
}
Event: 59.731 GC heap before
{Heap before GC invocations=34 (full 0):
 garbage-first heap   total 187392K, used 166220K [0x0000000080000000, 0x0000000100000000)
  region size 1024K, 9 young (9216K), 2 survivors (2048K)
 Metaspace       used 104788K, capacity 107338K, committed 108108K, reserved 1142784K
  class space    used 13458K, capacity 14383K, committed 14668K, reserved 1048576K
}
Event: 59.738 GC heap after
{Heap after GC invocations=35 (full 0):
 garbage-first heap   total 187392K, used 166734K [0x0000000080000000, 0x0000000100000000)
  region size 1024K, 2 young (2048K), 2 survivors (2048K)
 Metaspace       used 104788K, capacity 107338K, committed 108108K, reserved 1142784K
  class space    used 13458K, capacity 14383K, committed 14668K, reserved 1048576K
}
Event: 59.801 GC heap before
{Heap before GC invocations=35 (full 0):
 garbage-first heap   total 187392K, used 172878K [0x0000000080000000, 0x0000000100000000)
  region size 1024K, 9 young (9216K), 2 survivors (2048K)
 Metaspace       used 104788K, capacity 107338K, committed 108108K, reserved 1142784K
  class space    used 13458K, capacity 14383K, committed 14668K, reserved 1048576K
}
Event: 59.812 GC heap after
{Heap after GC invocations=36 (full 0):
 garbage-first heap   total 187392K, used 172032K [0x0000000080000000, 0x0000000100000000)
  region size 1024K, 2 young (2048K), 2 survivors (2048K)
 Metaspace       used 104788K, capacity 107338K, committed 108108K, reserved 1142784K
  class space    used 13458K, capacity 14383K, committed 14668K, reserved 1048576K
}
Event: 59.856 GC heap before
{Heap before GC invocations=36 (full 0):
 garbage-first heap   total 187392K, used 179200K [0x0000000080000000, 0x0000000100000000)
  region size 1024K, 9 young (9216K), 2 survivors (2048K)
 Metaspace       used 104788K, capacity 107338K, committed 108108K, reserved 1142784K
  class space    used 13458K, capacity 14383K, committed 14668K, reserved 1048576K
}
Event: 59.867 GC heap after
{Heap after GC invocations=37 (full 0):
 garbage-first heap   total 187392K, used 178139K [0x0000000080000000, 0x0000000100000000)
  region size 1024K, 2 young (2048K), 2 survivors (2048K)
 Metaspace       used 104788K, capacity 107338K, committed 108108K, reserved 1142784K
  class space    used 13458K, capacity 14383K, committed 14668K, reserved 1048576K
}
Event: 59.916 GC heap before
{Heap before GC invocations=37 (full 0):
 garbage-first heap   total 187392K, used 185307K [0x0000000080000000, 0x0000000100000000)
  region size 1024K, 9 young (9216K), 2 survivors (2048K)
 Metaspace       used 104788K, capacity 107338K, committed 108108K, reserved 1142784K
  class space    used 13458K, capacity 14383K, committed 14668K, reserved 1048576K
}
Event: 59.926 GC heap after
{Heap after GC invocations=38 (full 0):
 garbage-first heap   total 193536K, used 183962K [0x0000000080000000, 0x0000000100000000)
  region size 1024K, 2 young (2048K), 2 survivors (2048K)
 Metaspace       used 104788K, capacity 107338K, committed 108108K, reserved 1142784K
  class space    used 13458K, capacity 14383K, committed 14668K, reserved 1048576K
}
Event: 59.954 GC heap before
{Heap before GC invocations=38 (full 0):
 garbage-first heap   total 193536K, used 191130K [0x0000000080000000, 0x0000000100000000)
  region size 1024K, 9 young (9216K), 2 survivors (2048K)
 Metaspace       used 104788K, capacity 107338K, committed 108108K, reserved 1142784K
  class space    used 13458K, capacity 14383K, committed 14668K, reserved 1048576K
}
Event: 59.963 GC heap after
{Heap after GC invocations=39 (full 0):
 garbage-first heap   total 199680K, used 189703K [0x0000000080000000, 0x0000000100000000)
  region size 1024K, 2 young (2048K), 2 survivors (2048K)
 Metaspace       used 104788K, capacity 107338K, committed 108108K, reserved 1142784K
  class space    used 13458K, capacity 14383K, committed 14668K, reserved 1048576K
}
Event: 59.995 GC heap before
{Heap before GC invocations=39 (full 0):
 garbage-first heap   total 199680K, used 196871K [0x0000000080000000, 0x0000000100000000)
  region size 1024K, 9 young (9216K), 2 survivors (2048K)
 Metaspace       used 104788K, capacity 107338K, committed 108108K, reserved 1142784K
  class space    used 13458K, capacity 14383K, committed 14668K, reserved 1048576K
}
Event: 60.004 GC heap after
{Heap after GC invocations=40 (full 0):
 garbage-first heap   total 204800K, used 195451K [0x0000000080000000, 0x0000000100000000)
  region size 1024K, 2 young (2048K), 2 survivors (2048K)
 Metaspace       used 104788K, capacity 107338K, committed 108108K, reserved 1142784K
  class space    used 13458K, capacity 14383K, committed 14668K, reserved 1048576K
}

