# JRE version: OpenJDK Runtime Environment (11.0.10) (build 11.0.10+0-b96-7249189)
# Java VM: OpenJDK 64-Bit Server VM (11.0.10+0-b96-7249189, mixed mode, tiered, compressed oops, g1 gc, windows-amd64)
Heap:
 garbage-first heap   total 462848K, used 306394K [0x0000000080000000, 0x0000000100000000)
  region size 1024K, 109 young (111616K), 13 survivors (13312K)
 Metaspace       used 167741K, capacity 173796K, committed 174028K, reserved 1200128K
  class space    used 21747K, capacity 23947K, committed 24012K, reserved 1048576K
GC Heap History (20 events):
Event: 1642.798 GC heap before
{Heap before GC invocations=124 (full 0):
 garbage-first heap   total 462848K, used 405768K [0x0000000080000000, 0x0000000100000000)
  region size 1024K, 239 young (244736K), 2 survivors (2048K)
 Metaspace       used 134716K, capacity 139173K, committed 139468K, reserved 1169408K
  class space    used 17412K, capacity 19022K, committed 19148K, reserved 1048576K
}
Event: 1642.802 GC heap after
{Heap after GC invocations=125 (full 0):
 garbage-first heap   total 462848K, used 165783K [0x0000000080000000, 0x0000000100000000)
  region size 1024K, 5 young (5120K), 5 survivors (5120K)
 Metaspace       used 134716K, capacity 139173K, committed 139468K, reserved 1169408K
  class space    used 17412K, capacity 19022K, committed 19148K, reserved 1048576K
}
Event: 1644.839 GC heap before
{Heap before GC invocations=125 (full 0):
 garbage-first heap   total 462848K, used 409495K [0x0000000080000000, 0x0000000100000000)
  region size 1024K, 239 young (244736K), 5 survivors (5120K)
 Metaspace       used 150604K, capacity 155243K, committed 155468K, reserved 1183744K
  class space    used 19570K, capacity 21257K, committed 21324K, reserved 1048576K
}
Event: 1644.846 GC heap after
{Heap after GC invocations=126 (full 0):
 garbage-first heap   total 462848K, used 173917K [0x0000000080000000, 0x0000000100000000)
  region size 1024K, 12 young (12288K), 12 survivors (12288K)
 Metaspace       used 150604K, capacity 155243K, committed 155468K, reserved 1183744K
  class space    used 19570K, capacity 21257K, committed 21324K, reserved 1048576K
}
Event: 1652.467 GC heap before
{Heap before GC invocations=126 (full 0):
 garbage-first heap   total 462848K, used 397149K [0x0000000080000000, 0x0000000100000000)
  region size 1024K, 230 young (235520K), 12 survivors (12288K)
 Metaspace       used 157479K, capacity 162292K, committed 162636K, reserved 1189888K
  class space    used 20468K, capacity 22245K, committed 22348K, reserved 1048576K
}
Event: 1652.478 GC heap after
{Heap after GC invocations=127 (full 0):
 garbage-first heap   total 462848K, used 182778K [0x0000000080000000, 0x0000000100000000)
  region size 1024K, 20 young (20480K), 20 survivors (20480K)
 Metaspace       used 157479K, capacity 162292K, committed 162636K, reserved 1189888K
  class space    used 20468K, capacity 22245K, committed 22348K, reserved 1048576K
}
Event: 1654.833 GC heap before
{Heap before GC invocations=127 (full 0):
 garbage-first heap   total 462848K, used 400890K [0x0000000080000000, 0x0000000100000000)
  region size 1024K, 227 young (232448K), 20 survivors (20480K)
 Metaspace       used 158156K, capacity 162954K, committed 163148K, reserved 1189888K
  class space    used 20534K, capacity 22314K, committed 22348K, reserved 1048576K
}
Event: 1654.849 GC heap after
{Heap after GC invocations=128 (full 0):
 garbage-first heap   total 462848K, used 188920K [0x0000000080000000, 0x0000000100000000)
  region size 1024K, 14 young (14336K), 14 survivors (14336K)
 Metaspace       used 158156K, capacity 162954K, committed 163148K, reserved 1189888K
  class space    used 20534K, capacity 22314K, committed 22348K, reserved 1048576K
}
Event: 1655.719 GC heap before
{Heap before GC invocations=128 (full 0):
 garbage-first heap   total 462848K, used 396792K [0x0000000080000000, 0x0000000100000000)
  region size 1024K, 216 young (221184K), 14 survivors (14336K)
 Metaspace       used 158385K, capacity 163164K, committed 163404K, reserved 1189888K
  class space    used 20555K, capacity 22318K, committed 22348K, reserved 1048576K
}
Event: 1655.725 GC heap after
{Heap after GC invocations=129 (full 0):
 garbage-first heap   total 462848K, used 184490K [0x0000000080000000, 0x0000000100000000)
  region size 1024K, 11 young (11264K), 11 survivors (11264K)
 Metaspace       used 158385K, capacity 163164K, committed 163404K, reserved 1189888K
  class space    used 20555K, capacity 22318K, committed 22348K, reserved 1048576K
}
Event: 1658.561 GC heap before
{Heap before GC invocations=129 (full 0):
 garbage-first heap   total 462848K, used 399530K [0x0000000080000000, 0x0000000100000000)
  region size 1024K, 220 young (225280K), 11 survivors (11264K)
 Metaspace       used 158849K, capacity 163726K, committed 164044K, reserved 1191936K
  class space    used 20578K, capacity 22352K, committed 22476K, reserved 1048576K
}
Event: 1658.568 GC heap after
{Heap after GC invocations=130 (full 0):
 garbage-first heap   total 462848K, used 189944K [0x0000000080000000, 0x0000000100000000)
  region size 1024K, 14 young (14336K), 14 survivors (14336K)
 Metaspace       used 158849K, capacity 163726K, committed 164044K, reserved 1191936K
  class space    used 20578K, capacity 22352K, committed 22476K, reserved 1048576K
}
Event: 1659.705 GC heap before
{Heap before GC invocations=130 (full 0):
 garbage-first heap   total 462848K, used 398840K [0x0000000080000000, 0x0000000100000000)
  region size 1024K, 218 young (223232K), 14 survivors (14336K)
 Metaspace       used 161688K, capacity 166618K, committed 166732K, reserved 1193984K
  class space    used 21002K, capacity 22839K, committed 22860K, reserved 1048576K
}
Event: 1659.712 GC heap after
{Heap after GC invocations=131 (full 0):
 garbage-first heap   total 462848K, used 185769K [0x0000000080000000, 0x0000000100000000)
  region size 1024K, 12 young (12288K), 12 survivors (12288K)
 Metaspace       used 161688K, capacity 166618K, committed 166732K, reserved 1193984K
  class space    used 21002K, capacity 22839K, committed 22860K, reserved 1048576K
}
Event: 1912.437 GC heap before
{Heap before GC invocations=131 (full 0):
 garbage-first heap   total 462848K, used 400809K [0x0000000080000000, 0x0000000100000000)
  region size 1024K, 223 young (228352K), 12 survivors (12288K)
 Metaspace       used 166019K, capacity 171565K, committed 171852K, reserved 1198080K
  class space    used 21532K, capacity 23574K, committed 23628K, reserved 1048576K
}
Event: 1912.451 GC heap after
{Heap after GC invocations=132 (full 0):
 garbage-first heap   total 462848K, used 197393K [0x0000000080000000, 0x0000000100000000)
  region size 1024K, 24 young (24576K), 24 survivors (24576K)
 Metaspace       used 166019K, capacity 171565K, committed 171852K, reserved 1198080K
  class space    used 21532K, capacity 23574K, committed 23628K, reserved 1048576K
}
Event: 1912.837 GC heap before
{Heap before GC invocations=132 (full 0):
 garbage-first heap   total 462848K, used 390929K [0x0000000080000000, 0x0000000100000000)
  region size 1024K, 212 young (217088K), 24 survivors (24576K)
 Metaspace       used 166027K, capacity 171571K, committed 171852K, reserved 1198080K
  class space    used 21533K, capacity 23575K, committed 23628K, reserved 1048576K
}
Event: 1912.851 GC heap after
{Heap after GC invocations=133 (full 0):
 garbage-first heap   total 462848K, used 202110K [0x0000000080000000, 0x0000000100000000)
  region size 1024K, 19 young (19456K), 19 survivors (19456K)
 Metaspace       used 166027K, capacity 171571K, committed 171852K, reserved 1198080K
  class space    used 21533K, capacity 23575K, committed 23628K, reserved 1048576K
}
Event: 2516.306 GC heap before
{Heap before GC invocations=133 (full 0):
 garbage-first heap   total 462848K, used 394622K [0x0000000080000000, 0x0000000100000000)
  region size 1024K, 208 young (212992K), 19 survivors (19456K)
 Metaspace       used 167299K, capacity 173216K, committed 173388K, reserved 1198080K
  class space    used 21697K, capacity 23866K, committed 23884K, reserved 1048576K
}
Event: 2516.327 GC heap after
{Heap after GC invocations=134 (full 0):
 garbage-first heap   total 462848K, used 209114K [0x0000000080000000, 0x0000000100000000)
  region size 1024K, 13 young (13312K), 13 survivors (13312K)
 Metaspace       used 167299K, capacity 173216K, committed 173388K, reserved 1198080K
  class space    used 21697K, capacity 23866K, committed 23884K, reserved 1048576K
}

