# JRE version: OpenJDK Runtime Environment (11.0.10) (build 11.0.10+0-b96-7249189)
# Java VM: OpenJDK 64-Bit Server VM (11.0.10+0-b96-7249189, mixed mode, tiered, compressed oops, g1 gc, windows-amd64)
Heap:
 garbage-first heap   total 155648K, used 99947K [0x0000000080000000, 0x0000000100000000)
  region size 1024K, 3 young (3072K), 1 survivors (1024K)
 Metaspace       used 86040K, capacity 88107K, committed 88832K, reserved 1126400K
  class space    used 11050K, capacity 11805K, committed 12032K, reserved 1048576K
GC Heap History (20 events):
Event: 10.677 GC heap before
{Heap before GC invocations=15 (full 0):
 garbage-first heap   total 155648K, used 99934K [0x0000000080000000, 0x0000000100000000)
  region size 1024K, 49 young (50176K), 2 survivors (2048K)
 Metaspace       used 63093K, capacity 64575K, committed 64640K, reserved 1105920K
  class space    used 7983K, capacity 8535K, committed 8576K, reserved 1048576K
}
Event: 10.682 GC heap after
{Heap after GC invocations=16 (full 0):
 garbage-first heap   total 155648K, used 55928K [0x0000000080000000, 0x0000000100000000)
  region size 1024K, 6 young (6144K), 6 survivors (6144K)
 Metaspace       used 63093K, capacity 64575K, committed 64640K, reserved 1105920K
  class space    used 7983K, capacity 8535K, committed 8576K, reserved 1048576K
}
Event: 11.265 GC heap before
{Heap before GC invocations=16 (full 0):
 garbage-first heap   total 155648K, used 104056K [0x0000000080000000, 0x0000000100000000)
  region size 1024K, 53 young (54272K), 6 survivors (6144K)
 Metaspace       used 65925K, capacity 67673K, committed 67968K, reserved 1107968K
  class space    used 8365K, capacity 8987K, committed 9088K, reserved 1048576K
}
Event: 11.271 GC heap after
{Heap after GC invocations=17 (full 0):
 garbage-first heap   total 155648K, used 59010K [0x0000000080000000, 0x0000000100000000)
  region size 1024K, 4 young (4096K), 4 survivors (4096K)
 Metaspace       used 65925K, capacity 67673K, committed 67968K, reserved 1107968K
  class space    used 8365K, capacity 8987K, committed 9088K, reserved 1048576K
}
Event: 12.077 GC heap before
{Heap before GC invocations=17 (full 0):
 garbage-first heap   total 155648K, used 108162K [0x0000000080000000, 0x0000000100000000)
  region size 1024K, 52 young (53248K), 4 survivors (4096K)
 Metaspace       used 71076K, capacity 72696K, committed 72832K, reserved 1112064K
  class space    used 9180K, capacity 9783K, committed 9856K, reserved 1048576K
}
Event: 12.081 GC heap after
{Heap after GC invocations=18 (full 0):
 garbage-first heap   total 155648K, used 62223K [0x0000000080000000, 0x0000000100000000)
  region size 1024K, 7 young (7168K), 7 survivors (7168K)
 Metaspace       used 71076K, capacity 72696K, committed 72832K, reserved 1112064K
  class space    used 9180K, capacity 9783K, committed 9856K, reserved 1048576K
}
Event: 13.026 GC heap before
{Heap before GC invocations=18 (full 0):
 garbage-first heap   total 155648K, used 112399K [0x0000000080000000, 0x0000000100000000)
  region size 1024K, 56 young (57344K), 7 survivors (7168K)
 Metaspace       used 76043K, capacity 77837K, committed 77952K, reserved 1116160K
  class space    used 9898K, capacity 10541K, committed 10624K, reserved 1048576K
}
Event: 13.032 GC heap after
{Heap after GC invocations=19 (full 0):
 garbage-first heap   total 155648K, used 65386K [0x0000000080000000, 0x0000000100000000)
  region size 1024K, 7 young (7168K), 7 survivors (7168K)
 Metaspace       used 76043K, capacity 77837K, committed 77952K, reserved 1116160K
  class space    used 9898K, capacity 10541K, committed 10624K, reserved 1048576K
}
Event: 14.097 GC heap before
{Heap before GC invocations=19 (full 0):
 garbage-first heap   total 155648K, used 115562K [0x0000000080000000, 0x0000000100000000)
  region size 1024K, 56 young (57344K), 7 survivors (7168K)
 Metaspace       used 80748K, capacity 82628K, committed 82688K, reserved 1120256K
  class space    used 10516K, capacity 11225K, committed 11264K, reserved 1048576K
}
Event: 14.107 GC heap after
{Heap after GC invocations=20 (full 0):
 garbage-first heap   total 155648K, used 69049K [0x0000000080000000, 0x0000000100000000)
  region size 1024K, 7 young (7168K), 7 survivors (7168K)
 Metaspace       used 80748K, capacity 82628K, committed 82688K, reserved 1120256K
  class space    used 10516K, capacity 11225K, committed 11264K, reserved 1048576K
}
Event: 15.326 GC heap before
{Heap before GC invocations=20 (full 0):
 garbage-first heap   total 155648K, used 118201K [0x0000000080000000, 0x0000000100000000)
  region size 1024K, 55 young (56320K), 7 survivors (7168K)
 Metaspace       used 83112K, capacity 85281K, committed 85504K, reserved 1122304K
  class space    used 10883K, capacity 11705K, committed 11776K, reserved 1048576K
}
Event: 15.335 GC heap after
{Heap after GC invocations=21 (full 0):
 garbage-first heap   total 155648K, used 72612K [0x0000000080000000, 0x0000000100000000)
  region size 1024K, 4 young (4096K), 4 survivors (4096K)
 Metaspace       used 83112K, capacity 85281K, committed 85504K, reserved 1122304K
  class space    used 10883K, capacity 11705K, committed 11776K, reserved 1048576K
}
Event: 16.788 GC heap before
{Heap before GC invocations=21 (full 0):
 garbage-first heap   total 155648K, used 120740K [0x0000000080000000, 0x0000000100000000)
  region size 1024K, 52 young (53248K), 4 survivors (4096K)
 Metaspace       used 85159K, capacity 87419K, committed 87680K, reserved 1124352K
  class space    used 11044K, capacity 11841K, committed 11904K, reserved 1048576K
}
Event: 16.793 GC heap after
{Heap after GC invocations=22 (full 0):
 garbage-first heap   total 155648K, used 74340K [0x0000000080000000, 0x0000000100000000)
  region size 1024K, 6 young (6144K), 6 survivors (6144K)
 Metaspace       used 85159K, capacity 87419K, committed 87680K, reserved 1124352K
  class space    used 11044K, capacity 11841K, committed 11904K, reserved 1048576K
}
Event: 17.550 GC heap before
{Heap before GC invocations=22 (full 0):
 garbage-first heap   total 155648K, used 112228K [0x0000000080000000, 0x0000000100000000)
  region size 1024K, 44 young (45056K), 6 survivors (6144K)
 Metaspace       used 85853K, capacity 88092K, committed 88320K, reserved 1126400K
  class space    used 11104K, capacity 11914K, committed 12032K, reserved 1048576K
}
Event: 17.577 GC heap after
{Heap after GC invocations=23 (full 0):
 garbage-first heap   total 155648K, used 82538K [0x0000000080000000, 0x0000000100000000)
  region size 1024K, 7 young (7168K), 7 survivors (7168K)
 Metaspace       used 85853K, capacity 88092K, committed 88320K, reserved 1126400K
  class space    used 11104K, capacity 11914K, committed 12032K, reserved 1048576K
}
Event: 18.236 GC heap before
{Heap before GC invocations=24 (full 0):
 garbage-first heap   total 155648K, used 119402K [0x0000000080000000, 0x0000000100000000)
  region size 1024K, 43 young (44032K), 7 survivors (7168K)
 Metaspace       used 86192K, capacity 88379K, committed 88576K, reserved 1126400K
  class space    used 11119K, capacity 11946K, committed 12032K, reserved 1048576K
}
Event: 18.252 GC heap after
{Heap after GC invocations=25 (full 0):
 garbage-first heap   total 155648K, used 93442K [0x0000000080000000, 0x0000000100000000)
  region size 1024K, 6 young (6144K), 6 survivors (6144K)
 Metaspace       used 86192K, capacity 88379K, committed 88576K, reserved 1126400K
  class space    used 11119K, capacity 11946K, committed 12032K, reserved 1048576K
}
Event: 18.478 GC heap before
{Heap before GC invocations=26 (full 0):
 garbage-first heap   total 155648K, used 100610K [0x0000000080000000, 0x0000000100000000)
  region size 1024K, 8 young (8192K), 6 survivors (6144K)
 Metaspace       used 86009K, capacity 88043K, committed 88832K, reserved 1126400K
  class space    used 11048K, capacity 11805K, committed 12032K, reserved 1048576K
}
Event: 18.486 GC heap after
{Heap after GC invocations=27 (full 0):
 garbage-first heap   total 155648K, used 96875K [0x0000000080000000, 0x0000000100000000)
  region size 1024K, 1 young (1024K), 1 survivors (1024K)
 Metaspace       used 86009K, capacity 88043K, committed 88832K, reserved 1126400K
  class space    used 11048K, capacity 11805K, committed 12032K, reserved 1048576K
}

